INFO:chatterbot.adapters:Using "Hello" as a close match to "hello"
INFO:chatterbot.adapters:Selecting response from 2 optimal responses.
INFO:chatterbot.response_selection:Selecting first response from list of 2 options.
INFO:chatterbot.adapters:Response selected. Using "hey"
INFO:chatterbot.chatterbot:BestMatch selected "hey" as a response with a confidence of 1.0
INFO:chatterbot.chatterbot:NoKnowledgeAdapter selected "Hello" as a response with a confidence of 0
INFO:chatterbot.chatterbot:Adding "Hello" as a response to "None"
INFO:chatterbot.adapters:Using "Hi" as a close match to "hi"
INFO:chatterbot.adapters:Selecting response from 2 optimal responses.
INFO:chatterbot.response_selection:Selecting first response from list of 2 options.
INFO:chatterbot.adapters:Response selected. Using "hello"
INFO:chatterbot.chatterbot:BestMatch selected "hello" as a response with a confidence of 1.0
INFO:chatterbot.chatterbot:NoKnowledgeAdapter selected "Hi" as a response with a confidence of 0
INFO:chatterbot.chatterbot:Adding "Hi" as a response to "Hello"
INFO:chatterbot.adapters:Using "Hey" as a close match to "hey"
INFO:chatterbot.adapters:Selecting response from 2 optimal responses.
INFO:chatterbot.response_selection:Selecting first response from list of 2 options.
INFO:chatterbot.adapters:Response selected. Using "heya"
INFO:chatterbot.chatterbot:BestMatch selected "heya" as a response with a confidence of 1.0
INFO:chatterbot.chatterbot:NoKnowledgeAdapter selected "Hey" as a response with a confidence of 0
INFO:chatterbot.chatterbot:Adding "Hey" as a response to "Hello"
INFO:chatterbot.adapters:Using "hey" as a close match to "hey"
INFO:chatterbot.adapters:Selecting response from 2 optimal responses.
INFO:chatterbot.response_selection:Selecting first response from list of 2 options.
INFO:chatterbot.adapters:Response selected. Using "heya"
INFO:chatterbot.chatterbot:BestMatch selected "heya" as a response with a confidence of 1.0
INFO:chatterbot.chatterbot:NoKnowledgeAdapter selected "hey" as a response with a confidence of 0
INFO:chatterbot.chatterbot:Adding "hey" as a response to "Hello"
INFO:chatterbot.adapters:Using "hello" as a close match to "hello"
INFO:chatterbot.adapters:Selecting response from 2 optimal responses.
INFO:chatterbot.response_selection:Selecting first response from list of 2 options.
INFO:chatterbot.adapters:Response selected. Using "hey"
INFO:chatterbot.chatterbot:BestMatch selected "hey" as a response with a confidence of 1.0
INFO:chatterbot.chatterbot:NoKnowledgeAdapter selected "hello" as a response with a confidence of 0
INFO:chatterbot.chatterbot:Adding "hello" as a response to "Hello"
INFO:chatterbot.adapters:Using "Heyy" as a close match to "hey"
INFO:chatterbot.adapters:Selecting response from 2 optimal responses.
INFO:chatterbot.response_selection:Selecting first response from list of 2 options.
INFO:chatterbot.adapters:Response selected. Using "heya"
INFO:chatterbot.chatterbot:BestMatch selected "heya" as a response with a confidence of 0.86
INFO:chatterbot.chatterbot:NoKnowledgeAdapter selected "Heyy" as a response with a confidence of 0
INFO:chatterbot.chatterbot:Adding "Heyy" as a response to "Hello"
INFO:chatterbot.adapters:Using "aaa" as a close match to "heya"
INFO:chatterbot.adapters:Selecting response from 2 optimal responses.
INFO:chatterbot.response_selection:Selecting first response from list of 2 options.
INFO:chatterbot.adapters:Response selected. Using "hello user"
INFO:chatterbot.chatterbot:BestMatch selected "hello user" as a response with a confidence of 0.29
INFO:chatterbot.chatterbot:NoKnowledgeAdapter selected "aaa" as a response with a confidence of 0
INFO:chatterbot.chatterbot:Adding "aaa" as a response to "Hello"
INFO:chatterbot.adapters:Using "Hell" as a close match to "hello"
INFO:chatterbot.adapters:Selecting response from 2 optimal responses.
INFO:chatterbot.response_selection:Selecting first response from list of 2 options.
INFO:chatterbot.adapters:Response selected. Using "hey"
INFO:chatterbot.chatterbot:BestMatch selected "hey" as a response with a confidence of 0.89
INFO:chatterbot.chatterbot:NoKnowledgeAdapter selected "Hell" as a response with a confidence of 0
INFO:chatterbot.chatterbot:Adding "Hell" as a response to "Hello"
INFO:chatterbot.adapters:Using "hy" as a close match to "hey"
INFO:chatterbot.adapters:Selecting response from 2 optimal responses.
INFO:chatterbot.response_selection:Selecting first response from list of 2 options.
INFO:chatterbot.adapters:Response selected. Using "heya"
INFO:chatterbot.chatterbot:BestMatch selected "heya" as a response with a confidence of 0.8
INFO:chatterbot.chatterbot:NoKnowledgeAdapter selected "hy" as a response with a confidence of 0
INFO:chatterbot.chatterbot:Adding "hy" as a response to "Hello"
INFO:chatterbot.adapters:Using "aaa" as a close match to "heya"
INFO:chatterbot.adapters:Selecting response from 2 optimal responses.
INFO:chatterbot.response_selection:Selecting first response from list of 2 options.
INFO:chatterbot.adapters:Response selected. Using "hello user"
INFO:chatterbot.chatterbot:BestMatch selected "hello user" as a response with a confidence of 0.29
INFO:chatterbot.chatterbot:NoKnowledgeAdapter selected "aaa" as a response with a confidence of 0
INFO:chatterbot.chatterbot:Adding "aaa" as a response to "Hello"
INFO:chatterbot.adapters:Using "aaa" as a close match to "heya"
INFO:chatterbot.adapters:Selecting response from 2 optimal responses.
INFO:chatterbot.response_selection:Selecting first response from list of 2 options.
INFO:chatterbot.adapters:Response selected. Using "hello user"
INFO:chatterbot.chatterbot:BestMatch selected "hello user" as a response with a confidence of 0.29
INFO:chatterbot.chatterbot:NoKnowledgeAdapter selected "aaa" as a response with a confidence of 0
INFO:chatterbot.chatterbot:Adding "aaa" as a response to "Hello"
INFO:chatterbot.adapters:Using "aaa" as a close match to "heya"
INFO:chatterbot.adapters:Selecting response from 2 optimal responses.
INFO:chatterbot.response_selection:Selecting first response from list of 2 options.
INFO:chatterbot.adapters:Response selected. Using "hello user"
INFO:chatterbot.chatterbot:BestMatch selected "hello user" as a response with a confidence of 0.29
INFO:chatterbot.chatterbot:NoKnowledgeAdapter selected "aaa" as a response with a confidence of 0
INFO:chatterbot.chatterbot:Adding "aaa" as a response to "Hello"
INFO:chatterbot.adapters:Using "hh" as a close match to "hi"
INFO:chatterbot.adapters:Selecting response from 2 optimal responses.
INFO:chatterbot.response_selection:Selecting first response from list of 2 options.
INFO:chatterbot.adapters:Response selected. Using "hello"
INFO:chatterbot.chatterbot:BestMatch selected "hello" as a response with a confidence of 0.5
INFO:chatterbot.chatterbot:NoKnowledgeAdapter selected "hh" as a response with a confidence of 0
INFO:chatterbot.chatterbot:Adding "hh" as a response to "Hello"
INFO:chatterbot.adapters:Using "hi" as a close match to "hi"
INFO:chatterbot.adapters:Selecting response from 2 optimal responses.
INFO:chatterbot.response_selection:Selecting first response from list of 2 options.
INFO:chatterbot.adapters:Response selected. Using "hello"
INFO:chatterbot.chatterbot:BestMatch selected "hello" as a response with a confidence of 1.0
INFO:chatterbot.chatterbot:NoKnowledgeAdapter selected "hi" as a response with a confidence of 0
INFO:chatterbot.chatterbot:Adding "hi" as a response to "Hello"
INFO:chatterbot.adapters:Using "hy" as a close match to "hey"
INFO:chatterbot.adapters:Selecting response from 2 optimal responses.
INFO:chatterbot.response_selection:Selecting first response from list of 2 options.
INFO:chatterbot.adapters:Response selected. Using "heya"
INFO:chatterbot.chatterbot:BestMatch selected "heya" as a response with a confidence of 0.8
INFO:chatterbot.chatterbot:NoKnowledgeAdapter selected "hy" as a response with a confidence of 0
INFO:chatterbot.chatterbot:Adding "hy" as a response to "Hello"
INFO:chatterbot.adapters:Using "heyy" as a close match to "hey"
INFO:chatterbot.adapters:Selecting response from 2 optimal responses.
INFO:chatterbot.response_selection:Selecting first response from list of 2 options.
INFO:chatterbot.adapters:Response selected. Using "heya"
INFO:chatterbot.chatterbot:BestMatch selected "heya" as a response with a confidence of 0.86
INFO:chatterbot.chatterbot:NoKnowledgeAdapter selected "heyy" as a response with a confidence of 0
INFO:chatterbot.chatterbot:Adding "heyy" as a response to "Hello"
INFO:chatterbot.adapters:Using "hwy" as a close match to "hey"
INFO:chatterbot.adapters:Selecting response from 2 optimal responses.
INFO:chatterbot.response_selection:Selecting first response from list of 2 options.
INFO:chatterbot.adapters:Response selected. Using "heya"
INFO:chatterbot.chatterbot:BestMatch selected "heya" as a response with a confidence of 0.67
INFO:chatterbot.chatterbot:NoKnowledgeAdapter selected "hwy" as a response with a confidence of 0
INFO:chatterbot.chatterbot:Adding "hwy" as a response to "Hello"
INFO:chatterbot.adapters:Using "hello" as a close match to "hello"
INFO:chatterbot.adapters:Selecting response from 2 optimal responses.
INFO:chatterbot.response_selection:Selecting first response from list of 2 options.
INFO:chatterbot.adapters:Response selected. Using "hey"
INFO:chatterbot.chatterbot:BestMatch selected "hey" as a response with a confidence of 1.0
INFO:chatterbot.chatterbot:NoKnowledgeAdapter selected "hello" as a response with a confidence of 0
INFO:chatterbot.chatterbot:Adding "hello" as a response to "Hello"
INFO:chatterbot.adapters:Using "de" as a close match to "hey"
INFO:chatterbot.adapters:Selecting response from 2 optimal responses.
INFO:chatterbot.response_selection:Selecting first response from list of 2 options.
INFO:chatterbot.adapters:Response selected. Using "heya"
INFO:chatterbot.chatterbot:BestMatch selected "heya" as a response with a confidence of 0.4
INFO:chatterbot.chatterbot:NoKnowledgeAdapter selected "de" as a response with a confidence of 0
INFO:chatterbot.chatterbot:Adding "de" as a response to "Hello"
ERROR:django.request:Internal Server Error: /chatbot_app/
Traceback (most recent call last):
  File "/home/oormila/.virtualenvs/dj/lib/python3.6/site-packages/django/template/base.py", line 475, in parse
    compile_func = self.tags[command]
KeyError: 'time.sleep(2)'

During handling of the above exception, another exception occurred:

Traceback (most recent call last):
  File "/home/oormila/.virtualenvs/dj/lib/python3.6/site-packages/django/core/handlers/exception.py", line 35, in inner
    response = get_response(request)
  File "/home/oormila/.virtualenvs/dj/lib/python3.6/site-packages/django/core/handlers/base.py", line 128, in _get_response
    response = self.process_exception_by_middleware(e, request)
  File "/home/oormila/.virtualenvs/dj/lib/python3.6/site-packages/django/core/handlers/base.py", line 126, in _get_response
    response = wrapped_callback(request, *callback_args, **callback_kwargs)
  File "/home/oormila/django_projects/ACMS-Chatbot/chatbot_app/views.py", line 9, in index
    return render(request, 'index.html', context=context)
  File "/home/oormila/.virtualenvs/dj/lib/python3.6/site-packages/django/shortcuts.py", line 36, in render
    content = loader.render_to_string(template_name, context, request, using=using)
  File "/home/oormila/.virtualenvs/dj/lib/python3.6/site-packages/django/template/loader.py", line 61, in render_to_string
    template = get_template(template_name, using=using)
  File "/home/oormila/.virtualenvs/dj/lib/python3.6/site-packages/django/template/loader.py", line 15, in get_template
    return engine.get_template(template_name)
  File "/home/oormila/.virtualenvs/dj/lib/python3.6/site-packages/django/template/backends/django.py", line 34, in get_template
    return Template(self.engine.get_template(template_name), self)
  File "/home/oormila/.virtualenvs/dj/lib/python3.6/site-packages/django/template/engine.py", line 144, in get_template
    template, origin = self.find_template(template_name)
  File "/home/oormila/.virtualenvs/dj/lib/python3.6/site-packages/django/template/engine.py", line 126, in find_template
    template = loader.get_template(name, skip=skip)
  File "/home/oormila/.virtualenvs/dj/lib/python3.6/site-packages/django/template/loaders/base.py", line 30, in get_template
    contents, origin, origin.template_name, self.engine,
  File "/home/oormila/.virtualenvs/dj/lib/python3.6/site-packages/django/template/base.py", line 160, in __init__
    self.nodelist = self.compile_nodelist()
  File "/home/oormila/.virtualenvs/dj/lib/python3.6/site-packages/django/template/base.py", line 198, in compile_nodelist
    return parser.parse()
  File "/home/oormila/.virtualenvs/dj/lib/python3.6/site-packages/django/template/base.py", line 477, in parse
    self.invalid_block_tag(token, command, parse_until)
  File "/home/oormila/.virtualenvs/dj/lib/python3.6/site-packages/django/template/base.py", line 539, in invalid_block_tag
    "or load this tag?" % (token.lineno, command)
django.template.exceptions.TemplateSyntaxError: Invalid block tag on line 264: 'time.sleep(2)'. Did you forget to register or load this tag?
WARNING:django.request:Not Found: /favicon.ico
INFO:chatterbot.adapters:Using "aaa" as a close match to "heya"
INFO:chatterbot.adapters:Selecting response from 2 optimal responses.
INFO:chatterbot.response_selection:Selecting first response from list of 2 options.
INFO:chatterbot.adapters:Response selected. Using "hello user"
INFO:chatterbot.chatterbot:BestMatch selected "hello user" as a response with a confidence of 0.29
INFO:chatterbot.chatterbot:NoKnowledgeAdapter selected "aaa" as a response with a confidence of 0
INFO:chatterbot.chatterbot:Adding "aaa" as a response to "Hello"
INFO:chatterbot.adapters:Using "aaa" as a close match to "heya"
INFO:chatterbot.adapters:Selecting response from 2 optimal responses.
INFO:chatterbot.response_selection:Selecting first response from list of 2 options.
INFO:chatterbot.adapters:Response selected. Using "hello user"
INFO:chatterbot.chatterbot:BestMatch selected "hello user" as a response with a confidence of 0.29
INFO:chatterbot.chatterbot:NoKnowledgeAdapter selected "aaa" as a response with a confidence of 0
INFO:chatterbot.chatterbot:Adding "aaa" as a response to "Hello"
INFO:chatterbot.adapters:Using "aaa" as a close match to "heya"
INFO:chatterbot.adapters:Selecting response from 2 optimal responses.
INFO:chatterbot.response_selection:Selecting first response from list of 2 options.
INFO:chatterbot.adapters:Response selected. Using "hello user"
INFO:chatterbot.chatterbot:BestMatch selected "hello user" as a response with a confidence of 0.29
INFO:chatterbot.chatterbot:NoKnowledgeAdapter selected "aaa" as a response with a confidence of 0
INFO:chatterbot.chatterbot:Adding "aaa" as a response to "Hello"
INFO:chatterbot.adapters:Using "hu" as a close match to "hi"
INFO:chatterbot.adapters:Selecting response from 2 optimal responses.
INFO:chatterbot.response_selection:Selecting first response from list of 2 options.
INFO:chatterbot.adapters:Response selected. Using "hello"
INFO:chatterbot.chatterbot:BestMatch selected "hello" as a response with a confidence of 0.5
INFO:chatterbot.chatterbot:NoKnowledgeAdapter selected "hu" as a response with a confidence of 0
INFO:chatterbot.chatterbot:Adding "hu" as a response to "Hello"
INFO:chatterbot.adapters:Using "aaa" as a close match to "heya"
INFO:chatterbot.adapters:Selecting response from 2 optimal responses.
INFO:chatterbot.response_selection:Selecting first response from list of 2 options.
INFO:chatterbot.adapters:Response selected. Using "hello user"
INFO:chatterbot.chatterbot:BestMatch selected "hello user" as a response with a confidence of 0.29
INFO:chatterbot.chatterbot:NoKnowledgeAdapter selected "aaa" as a response with a confidence of 0
INFO:chatterbot.chatterbot:Adding "aaa" as a response to "Hello"
INFO:chatterbot.adapters:Using "aaa" as a close match to "heya"
INFO:chatterbot.adapters:Selecting response from 2 optimal responses.
INFO:chatterbot.response_selection:Selecting first response from list of 2 options.
INFO:chatterbot.adapters:Response selected. Using "hello user"
INFO:chatterbot.chatterbot:BestMatch selected "hello user" as a response with a confidence of 0.29
INFO:chatterbot.chatterbot:NoKnowledgeAdapter selected "aaa" as a response with a confidence of 0
INFO:chatterbot.chatterbot:Adding "aaa" as a response to "Hello"
INFO:chatterbot.adapters:Using "aaa" as a close match to "heya"
INFO:chatterbot.adapters:Selecting response from 2 optimal responses.
INFO:chatterbot.response_selection:Selecting first response from list of 2 options.
INFO:chatterbot.adapters:Response selected. Using "hello user"
INFO:chatterbot.chatterbot:BestMatch selected "hello user" as a response with a confidence of 0.29
INFO:chatterbot.chatterbot:NoKnowledgeAdapter selected "aaa" as a response with a confidence of 0
INFO:chatterbot.chatterbot:Adding "aaa" as a response to "Hello"
INFO:chatterbot.adapters:Using "aaa" as a close match to "heya"
INFO:chatterbot.adapters:Selecting response from 2 optimal responses.
INFO:chatterbot.response_selection:Selecting first response from list of 2 options.
INFO:chatterbot.adapters:Response selected. Using "hello user"
INFO:chatterbot.chatterbot:BestMatch selected "hello user" as a response with a confidence of 0.29
INFO:chatterbot.chatterbot:NoKnowledgeAdapter selected "aaa" as a response with a confidence of 0
INFO:chatterbot.chatterbot:Adding "aaa" as a response to "Hello"
INFO:chatterbot.adapters:Using "aaa" as a close match to "heya"
INFO:chatterbot.adapters:Selecting response from 2 optimal responses.
INFO:chatterbot.response_selection:Selecting first response from list of 2 options.
INFO:chatterbot.adapters:Response selected. Using "hello user"
INFO:chatterbot.chatterbot:BestMatch selected "hello user" as a response with a confidence of 0.29
INFO:chatterbot.chatterbot:NoKnowledgeAdapter selected "aaa" as a response with a confidence of 0
INFO:chatterbot.chatterbot:Adding "aaa" as a response to "Hello"
INFO:chatterbot.adapters:Using "ss" as a close match to "What is the duration of each semester?"
INFO:chatterbot.adapters:Selecting response from 2 optimal responses.
INFO:chatterbot.response_selection:Selecting first response from list of 2 options.
INFO:chatterbot.adapters:Response selected. Using "6 months"
INFO:chatterbot.chatterbot:BestMatch selected "6 months" as a response with a confidence of 0.1
INFO:chatterbot.chatterbot:NoKnowledgeAdapter selected "ss" as a response with a confidence of 0
INFO:chatterbot.chatterbot:Adding "ss" as a response to "Hello"
INFO:chatterbot.adapters:Using "aaa" as a close match to "heya"
INFO:chatterbot.adapters:Selecting response from 2 optimal responses.
INFO:chatterbot.response_selection:Selecting first response from list of 2 options.
INFO:chatterbot.adapters:Response selected. Using "hello user"
INFO:chatterbot.chatterbot:BestMatch selected "hello user" as a response with a confidence of 0.29
INFO:chatterbot.chatterbot:NoKnowledgeAdapter selected "aaa" as a response with a confidence of 0
INFO:chatterbot.chatterbot:Adding "aaa" as a response to "Hello"
INFO:chatterbot.adapters:Using "aaa" as a close match to "heya"
INFO:chatterbot.adapters:Selecting response from 2 optimal responses.
INFO:chatterbot.response_selection:Selecting first response from list of 2 options.
INFO:chatterbot.adapters:Response selected. Using "hello user"
INFO:chatterbot.chatterbot:BestMatch selected "hello user" as a response with a confidence of 0.29
INFO:chatterbot.chatterbot:NoKnowledgeAdapter selected "aaa" as a response with a confidence of 0
INFO:chatterbot.chatterbot:Adding "aaa" as a response to "Hello"
INFO:chatterbot.adapters:Using "aaa" as a close match to "heya"
INFO:chatterbot.adapters:Selecting response from 2 optimal responses.
INFO:chatterbot.response_selection:Selecting first response from list of 2 options.
INFO:chatterbot.adapters:Response selected. Using "hello user"
INFO:chatterbot.chatterbot:BestMatch selected "hello user" as a response with a confidence of 0.29
INFO:chatterbot.chatterbot:NoKnowledgeAdapter selected "aaa" as a response with a confidence of 0
INFO:chatterbot.chatterbot:Adding "aaa" as a response to "Hello"
INFO:chatterbot.adapters:Using "aaa" as a close match to "heya"
INFO:chatterbot.adapters:Selecting response from 2 optimal responses.
INFO:chatterbot.response_selection:Selecting first response from list of 2 options.
INFO:chatterbot.adapters:Response selected. Using "hello user"
INFO:chatterbot.chatterbot:BestMatch selected "hello user" as a response with a confidence of 0.29
INFO:chatterbot.chatterbot:NoKnowledgeAdapter selected "aaa" as a response with a confidence of 0
INFO:chatterbot.chatterbot:Adding "aaa" as a response to "Hello"
INFO:chatterbot.adapters:Using "aaa" as a close match to "heya"
INFO:chatterbot.adapters:Selecting response from 2 optimal responses.
INFO:chatterbot.response_selection:Selecting first response from list of 2 options.
INFO:chatterbot.adapters:Response selected. Using "hello user"
INFO:chatterbot.chatterbot:BestMatch selected "hello user" as a response with a confidence of 0.29
INFO:chatterbot.chatterbot:NoKnowledgeAdapter selected "aaa" as a response with a confidence of 0
INFO:chatterbot.chatterbot:Adding "aaa" as a response to "Hello"
INFO:chatterbot.adapters:Using "aaa" as a close match to "heya"
INFO:chatterbot.adapters:Selecting response from 2 optimal responses.
INFO:chatterbot.response_selection:Selecting first response from list of 2 options.
INFO:chatterbot.adapters:Response selected. Using "hello user"
INFO:chatterbot.chatterbot:BestMatch selected "hello user" as a response with a confidence of 0.29
INFO:chatterbot.chatterbot:NoKnowledgeAdapter selected "aaa" as a response with a confidence of 0
INFO:chatterbot.chatterbot:Adding "aaa" as a response to "Hello"
INFO:chatterbot.adapters:Using "aaa" as a close match to "heya"
INFO:chatterbot.adapters:Selecting response from 2 optimal responses.
INFO:chatterbot.response_selection:Selecting first response from list of 2 options.
INFO:chatterbot.adapters:Response selected. Using "hello user"
INFO:chatterbot.chatterbot:BestMatch selected "hello user" as a response with a confidence of 0.29
INFO:chatterbot.chatterbot:NoKnowledgeAdapter selected "aaa" as a response with a confidence of 0
INFO:chatterbot.chatterbot:Adding "aaa" as a response to "Hello"
INFO:chatterbot.adapters:Using "aaa" as a close match to "heya"
INFO:chatterbot.adapters:Selecting response from 2 optimal responses.
INFO:chatterbot.response_selection:Selecting first response from list of 2 options.
INFO:chatterbot.adapters:Response selected. Using "hello user"
INFO:chatterbot.chatterbot:BestMatch selected "hello user" as a response with a confidence of 0.29
INFO:chatterbot.chatterbot:NoKnowledgeAdapter selected "aaa" as a response with a confidence of 0
INFO:chatterbot.chatterbot:Adding "aaa" as a response to "Hello"
INFO:chatterbot.adapters:Using "aaa" as a close match to "heya"
INFO:chatterbot.adapters:Selecting response from 2 optimal responses.
INFO:chatterbot.response_selection:Selecting first response from list of 2 options.
INFO:chatterbot.adapters:Response selected. Using "hello user"
INFO:chatterbot.chatterbot:BestMatch selected "hello user" as a response with a confidence of 0.29
INFO:chatterbot.chatterbot:NoKnowledgeAdapter selected "aaa" as a response with a confidence of 0
INFO:chatterbot.chatterbot:Adding "aaa" as a response to "Hello"
INFO:chatterbot.adapters:Using "aaa" as a close match to "heya"
INFO:chatterbot.adapters:Selecting response from 2 optimal responses.
INFO:chatterbot.response_selection:Selecting first response from list of 2 options.
INFO:chatterbot.adapters:Response selected. Using "hello user"
INFO:chatterbot.chatterbot:BestMatch selected "hello user" as a response with a confidence of 0.29
INFO:chatterbot.chatterbot:NoKnowledgeAdapter selected "aaa" as a response with a confidence of 0
INFO:chatterbot.chatterbot:Adding "aaa" as a response to "Hello"
INFO:chatterbot.adapters:Using "aaa" as a close match to "heya"
INFO:chatterbot.adapters:Selecting response from 2 optimal responses.
INFO:chatterbot.response_selection:Selecting first response from list of 2 options.
INFO:chatterbot.adapters:Response selected. Using "hello user"
INFO:chatterbot.chatterbot:BestMatch selected "hello user" as a response with a confidence of 0.29
INFO:chatterbot.chatterbot:NoKnowledgeAdapter selected "aaa" as a response with a confidence of 0
INFO:chatterbot.chatterbot:Adding "aaa" as a response to "Hello"
INFO:chatterbot.adapters:Using "aaa" as a close match to "heya"
INFO:chatterbot.adapters:Selecting response from 2 optimal responses.
INFO:chatterbot.response_selection:Selecting first response from list of 2 options.
INFO:chatterbot.adapters:Response selected. Using "hello user"
INFO:chatterbot.chatterbot:BestMatch selected "hello user" as a response with a confidence of 0.29
INFO:chatterbot.chatterbot:NoKnowledgeAdapter selected "aaa" as a response with a confidence of 0
INFO:chatterbot.chatterbot:Adding "aaa" as a response to "Hello"
INFO:chatterbot.adapters:Using "aaa" as a close match to "heya"
INFO:chatterbot.adapters:Selecting response from 2 optimal responses.
INFO:chatterbot.response_selection:Selecting first response from list of 2 options.
INFO:chatterbot.adapters:Response selected. Using "hello user"
INFO:chatterbot.chatterbot:BestMatch selected "hello user" as a response with a confidence of 0.29
INFO:chatterbot.chatterbot:NoKnowledgeAdapter selected "aaa" as a response with a confidence of 0
INFO:chatterbot.chatterbot:Adding "aaa" as a response to "Hello"
INFO:chatterbot.adapters:Using "aaa" as a close match to "heya"
INFO:chatterbot.adapters:Selecting response from 2 optimal responses.
INFO:chatterbot.response_selection:Selecting first response from list of 2 options.
INFO:chatterbot.adapters:Response selected. Using "hello user"
INFO:chatterbot.chatterbot:BestMatch selected "hello user" as a response with a confidence of 0.29
INFO:chatterbot.chatterbot:NoKnowledgeAdapter selected "aaa" as a response with a confidence of 0
INFO:chatterbot.chatterbot:Adding "aaa" as a response to "Hello"
INFO:chatterbot.adapters:Using "aaa" as a close match to "heya"
INFO:chatterbot.adapters:Selecting response from 2 optimal responses.
INFO:chatterbot.response_selection:Selecting first response from list of 2 options.
INFO:chatterbot.adapters:Response selected. Using "hello user"
INFO:chatterbot.chatterbot:BestMatch selected "hello user" as a response with a confidence of 0.29
INFO:chatterbot.chatterbot:NoKnowledgeAdapter selected "aaa" as a response with a confidence of 0
INFO:chatterbot.chatterbot:Adding "aaa" as a response to "Hello"
INFO:chatterbot.adapters:Using "aaa" as a close match to "heya"
INFO:chatterbot.adapters:Selecting response from 2 optimal responses.
INFO:chatterbot.response_selection:Selecting first response from list of 2 options.
INFO:chatterbot.adapters:Response selected. Using "hello user"
INFO:chatterbot.chatterbot:BestMatch selected "hello user" as a response with a confidence of 0.29
INFO:chatterbot.chatterbot:NoKnowledgeAdapter selected "aaa" as a response with a confidence of 0
INFO:chatterbot.chatterbot:Adding "aaa" as a response to "Hello"
INFO:chatterbot.adapters:Using "aaa" as a close match to "heya"
INFO:chatterbot.adapters:Selecting response from 2 optimal responses.
INFO:chatterbot.response_selection:Selecting first response from list of 2 options.
INFO:chatterbot.adapters:Response selected. Using "hello user"
INFO:chatterbot.chatterbot:BestMatch selected "hello user" as a response with a confidence of 0.29
INFO:chatterbot.chatterbot:NoKnowledgeAdapter selected "aaa" as a response with a confidence of 0
INFO:chatterbot.chatterbot:Adding "aaa" as a response to "Hello"
INFO:chatterbot.adapters:Using "aaa" as a close match to "heya"
INFO:chatterbot.adapters:Selecting response from 2 optimal responses.
INFO:chatterbot.response_selection:Selecting first response from list of 2 options.
INFO:chatterbot.adapters:Response selected. Using "hello user"
INFO:chatterbot.chatterbot:BestMatch selected "hello user" as a response with a confidence of 0.29
INFO:chatterbot.chatterbot:NoKnowledgeAdapter selected "aaa" as a response with a confidence of 0
INFO:chatterbot.chatterbot:Adding "aaa" as a response to "Hello"
INFO:chatterbot.adapters:Using "aaa" as a close match to "heya"
INFO:chatterbot.adapters:Selecting response from 2 optimal responses.
INFO:chatterbot.response_selection:Selecting first response from list of 2 options.
INFO:chatterbot.adapters:Response selected. Using "hello user"
INFO:chatterbot.chatterbot:BestMatch selected "hello user" as a response with a confidence of 0.29
INFO:chatterbot.chatterbot:NoKnowledgeAdapter selected "aaa" as a response with a confidence of 0
INFO:chatterbot.chatterbot:Adding "aaa" as a response to "Hello"
INFO:chatterbot.adapters:Using "aaa" as a close match to "heya"
INFO:chatterbot.adapters:Selecting response from 2 optimal responses.
INFO:chatterbot.response_selection:Selecting first response from list of 2 options.
INFO:chatterbot.adapters:Response selected. Using "hello user"
INFO:chatterbot.chatterbot:BestMatch selected "hello user" as a response with a confidence of 0.29
INFO:chatterbot.chatterbot:NoKnowledgeAdapter selected "aaa" as a response with a confidence of 0
INFO:chatterbot.chatterbot:Adding "aaa" as a response to "Hello"
INFO:chatterbot.adapters:Using "aaa" as a close match to "heya"
INFO:chatterbot.adapters:Selecting response from 2 optimal responses.
INFO:chatterbot.response_selection:Selecting first response from list of 2 options.
INFO:chatterbot.adapters:Response selected. Using "hello user"
INFO:chatterbot.chatterbot:BestMatch selected "hello user" as a response with a confidence of 0.29
INFO:chatterbot.chatterbot:NoKnowledgeAdapter selected "aaa" as a response with a confidence of 0
INFO:chatterbot.chatterbot:Adding "aaa" as a response to "Hello"
INFO:chatterbot.adapters:Using "aaa" as a close match to "heya"
INFO:chatterbot.adapters:Selecting response from 2 optimal responses.
INFO:chatterbot.response_selection:Selecting first response from list of 2 options.
INFO:chatterbot.adapters:Response selected. Using "hello user"
INFO:chatterbot.chatterbot:BestMatch selected "hello user" as a response with a confidence of 0.29
INFO:chatterbot.chatterbot:NoKnowledgeAdapter selected "aaa" as a response with a confidence of 0
INFO:chatterbot.chatterbot:Adding "aaa" as a response to "Hello"
INFO:chatterbot.adapters:Using "aaa" as a close match to "heya"
INFO:chatterbot.adapters:Selecting response from 2 optimal responses.
INFO:chatterbot.response_selection:Selecting first response from list of 2 options.
INFO:chatterbot.adapters:Response selected. Using "hello user"
INFO:chatterbot.chatterbot:BestMatch selected "hello user" as a response with a confidence of 0.29
INFO:chatterbot.chatterbot:NoKnowledgeAdapter selected "aaa" as a response with a confidence of 0
INFO:chatterbot.chatterbot:Adding "aaa" as a response to "Hello"
INFO:chatterbot.adapters:Using "aaa" as a close match to "heya"
INFO:chatterbot.adapters:Selecting response from 2 optimal responses.
INFO:chatterbot.response_selection:Selecting first response from list of 2 options.
INFO:chatterbot.adapters:Response selected. Using "hello user"
INFO:chatterbot.chatterbot:BestMatch selected "hello user" as a response with a confidence of 0.29
INFO:chatterbot.chatterbot:NoKnowledgeAdapter selected "aaa" as a response with a confidence of 0
INFO:chatterbot.chatterbot:Adding "aaa" as a response to "Hello"
INFO:chatterbot.adapters:Using "aaa" as a close match to "heya"
INFO:chatterbot.adapters:Selecting response from 2 optimal responses.
INFO:chatterbot.response_selection:Selecting first response from list of 2 options.
INFO:chatterbot.adapters:Response selected. Using "hello user"
INFO:chatterbot.chatterbot:BestMatch selected "hello user" as a response with a confidence of 0.29
INFO:chatterbot.chatterbot:NoKnowledgeAdapter selected "aaa" as a response with a confidence of 0
INFO:chatterbot.chatterbot:Adding "aaa" as a response to "Hello"
INFO:chatterbot.adapters:Using "aaa" as a close match to "heya"
INFO:chatterbot.adapters:Selecting response from 2 optimal responses.
INFO:chatterbot.response_selection:Selecting first response from list of 2 options.
INFO:chatterbot.adapters:Response selected. Using "hello user"
INFO:chatterbot.chatterbot:BestMatch selected "hello user" as a response with a confidence of 0.29
INFO:chatterbot.chatterbot:NoKnowledgeAdapter selected "aaa" as a response with a confidence of 0
INFO:chatterbot.chatterbot:Adding "aaa" as a response to "Hello"
INFO:chatterbot.adapters:Using "aaa" as a close match to "heya"
INFO:chatterbot.adapters:Selecting response from 2 optimal responses.
INFO:chatterbot.response_selection:Selecting first response from list of 2 options.
INFO:chatterbot.adapters:Response selected. Using "hello user"
INFO:chatterbot.chatterbot:BestMatch selected "hello user" as a response with a confidence of 0.29
INFO:chatterbot.chatterbot:NoKnowledgeAdapter selected "aaa" as a response with a confidence of 0
INFO:chatterbot.chatterbot:Adding "aaa" as a response to "Hello"
INFO:chatterbot.adapters:Using "aaa" as a close match to "heya"
INFO:chatterbot.adapters:Selecting response from 2 optimal responses.
INFO:chatterbot.response_selection:Selecting first response from list of 2 options.
INFO:chatterbot.adapters:Response selected. Using "hello user"
INFO:chatterbot.chatterbot:BestMatch selected "hello user" as a response with a confidence of 0.29
INFO:chatterbot.chatterbot:NoKnowledgeAdapter selected "aaa" as a response with a confidence of 0
INFO:chatterbot.chatterbot:Adding "aaa" as a response to "Hello"
INFO:chatterbot.adapters:Using "aaa" as a close match to "heya"
INFO:chatterbot.adapters:Selecting response from 2 optimal responses.
INFO:chatterbot.response_selection:Selecting first response from list of 2 options.
INFO:chatterbot.adapters:Response selected. Using "hello user"
INFO:chatterbot.chatterbot:BestMatch selected "hello user" as a response with a confidence of 0.29
INFO:chatterbot.chatterbot:NoKnowledgeAdapter selected "aaa" as a response with a confidence of 0
INFO:chatterbot.chatterbot:Adding "aaa" as a response to "Hello"
INFO:chatterbot.adapters:Using "aaa" as a close match to "heya"
INFO:chatterbot.adapters:Selecting response from 2 optimal responses.
INFO:chatterbot.response_selection:Selecting first response from list of 2 options.
INFO:chatterbot.adapters:Response selected. Using "hello user"
INFO:chatterbot.chatterbot:BestMatch selected "hello user" as a response with a confidence of 0.29
INFO:chatterbot.chatterbot:NoKnowledgeAdapter selected "aaa" as a response with a confidence of 0
INFO:chatterbot.chatterbot:Adding "aaa" as a response to "Hello"
INFO:chatterbot.adapters:Using "aaa" as a close match to "heya"
INFO:chatterbot.adapters:Selecting response from 2 optimal responses.
INFO:chatterbot.response_selection:Selecting first response from list of 2 options.
INFO:chatterbot.adapters:Response selected. Using "hello user"
INFO:chatterbot.chatterbot:BestMatch selected "hello user" as a response with a confidence of 0.29
INFO:chatterbot.chatterbot:NoKnowledgeAdapter selected "aaa" as a response with a confidence of 0
INFO:chatterbot.chatterbot:Adding "aaa" as a response to "Hello"
INFO:chatterbot.adapters:Using "Imtech course" as a close match to "I'm good! Thank you!"
INFO:chatterbot.adapters:Selecting response from 2 optimal responses.
INFO:chatterbot.response_selection:Selecting first response from list of 2 options.
INFO:chatterbot.adapters:Response selected. Using "I'm good! How abt you?"
INFO:chatterbot.chatterbot:BestMatch selected "I'm good! How abt you?" as a response with a confidence of 0.42
INFO:chatterbot.chatterbot:NoKnowledgeAdapter selected "Imtech course" as a response with a confidence of 0
INFO:chatterbot.chatterbot:Adding "Imtech course" as a response to "Hello"
INFO:chatterbot.adapters:Using "M.Tech areas of specialization" as a close match to "What are the areas of specialization for M.Tech (CSE)?"
INFO:chatterbot.adapters:Selecting response from 2 optimal responses.
INFO:chatterbot.response_selection:Selecting first response from list of 2 options.
INFO:chatterbot.adapters:Response selected. Using "There are four areas of specialization : Theory and Systems(TS)  ,Data Science(DS), Networking & Communication(NC) , Signal Processing and Pattern Recognition(SP)"
INFO:chatterbot.chatterbot:BestMatch selected "There are four areas of specialization : Theory and Systems(TS)  ,Data Science(DS), Networking & Communication(NC) , Signal Processing and Pattern Recognition(SP)" as a response with a confidence of 0.64
INFO:chatterbot.chatterbot:NoKnowledgeAdapter selected "M.Tech areas of specialization" as a response with a confidence of 0
INFO:chatterbot.chatterbot:Adding "M.Tech areas of specialization" as a response to "Hello"
INFO:chatterbot.adapters:Using "areas of specialization" as a close match to "What are the areas of specialization for M.Tech (CSE)?"
INFO:chatterbot.adapters:Selecting response from 2 optimal responses.
INFO:chatterbot.response_selection:Selecting first response from list of 2 options.
INFO:chatterbot.adapters:Response selected. Using "There are four areas of specialization : Theory and Systems(TS)  ,Data Science(DS), Networking & Communication(NC) , Signal Processing and Pattern Recognition(SP)"
INFO:chatterbot.chatterbot:BestMatch selected "There are four areas of specialization : Theory and Systems(TS)  ,Data Science(DS), Networking & Communication(NC) , Signal Processing and Pattern Recognition(SP)" as a response with a confidence of 0.6
INFO:chatterbot.chatterbot:NoKnowledgeAdapter selected "areas of specialization" as a response with a confidence of 0
INFO:chatterbot.chatterbot:Adding "areas of specialization" as a response to "Hello"
INFO:chatterbot.adapters:Using "M.Tech specialization" as a close match to "What are the areas of specialization for M.Tech (CSE)?"
INFO:chatterbot.adapters:Selecting response from 2 optimal responses.
INFO:chatterbot.response_selection:Selecting first response from list of 2 options.
INFO:chatterbot.adapters:Response selected. Using "There are four areas of specialization : Theory and Systems(TS)  ,Data Science(DS), Networking & Communication(NC) , Signal Processing and Pattern Recognition(SP)"
INFO:chatterbot.chatterbot:BestMatch selected "There are four areas of specialization : Theory and Systems(TS)  ,Data Science(DS), Networking & Communication(NC) , Signal Processing and Pattern Recognition(SP)" as a response with a confidence of 0.48
INFO:chatterbot.chatterbot:NoKnowledgeAdapter selected "M.Tech specialization" as a response with a confidence of 0
INFO:chatterbot.chatterbot:Adding "M.Tech specialization" as a response to "Hello"
INFO:chatterbot.adapters:Using "specialization" as a close match to "What are the areas of specialization for M.Tech (CSE)?"
INFO:chatterbot.adapters:Selecting response from 2 optimal responses.
INFO:chatterbot.response_selection:Selecting first response from list of 2 options.
INFO:chatterbot.adapters:Response selected. Using "There are four areas of specialization : Theory and Systems(TS)  ,Data Science(DS), Networking & Communication(NC) , Signal Processing and Pattern Recognition(SP)"
INFO:chatterbot.chatterbot:BestMatch selected "There are four areas of specialization : Theory and Systems(TS)  ,Data Science(DS), Networking & Communication(NC) , Signal Processing and Pattern Recognition(SP)" as a response with a confidence of 0.41
INFO:chatterbot.chatterbot:NoKnowledgeAdapter selected "specialization" as a response with a confidence of 0
INFO:chatterbot.chatterbot:Adding "specialization" as a response to "Hello"
INFO:chatterbot.adapters:Using "part time program?" as a close match to "Is any part time programme available?"
INFO:chatterbot.adapters:Selecting response from 2 optimal responses.
INFO:chatterbot.response_selection:Selecting first response from list of 2 options.
INFO:chatterbot.adapters:Response selected. Using "No. Institute doesn't offer any part-time programmes."
INFO:chatterbot.chatterbot:BestMatch selected "No. Institute doesn't offer any part-time programmes." as a response with a confidence of 0.65
INFO:chatterbot.chatterbot:NoKnowledgeAdapter selected "part time program?" as a response with a confidence of 0
INFO:chatterbot.chatterbot:Adding "part time program?" as a response to "Hello"
INFO:chatterbot.adapters:Using "aaa" as a close match to "heya"
INFO:chatterbot.adapters:Selecting response from 2 optimal responses.
INFO:chatterbot.response_selection:Selecting first response from list of 2 options.
INFO:chatterbot.adapters:Response selected. Using "hello user"
INFO:chatterbot.chatterbot:BestMatch selected "hello user" as a response with a confidence of 0.29
INFO:chatterbot.chatterbot:NoKnowledgeAdapter selected "aaa" as a response with a confidence of 0
INFO:chatterbot.chatterbot:Adding "aaa" as a response to "Hello"
INFO:chatterbot.adapters:Using "aaa" as a close match to "heya"
INFO:chatterbot.adapters:Selecting response from 2 optimal responses.
INFO:chatterbot.response_selection:Selecting first response from list of 2 options.
INFO:chatterbot.adapters:Response selected. Using "hello user"
INFO:chatterbot.chatterbot:BestMatch selected "hello user" as a response with a confidence of 0.29
INFO:chatterbot.chatterbot:NoKnowledgeAdapter selected "aaa" as a response with a confidence of 0
INFO:chatterbot.chatterbot:Adding "aaa" as a response to "Hello"
INFO:chatterbot.adapters:Using "aaa" as a close match to "heya"
INFO:chatterbot.adapters:Selecting response from 2 optimal responses.
INFO:chatterbot.response_selection:Selecting first response from list of 2 options.
INFO:chatterbot.adapters:Response selected. Using "hello user"
INFO:chatterbot.chatterbot:BestMatch selected "hello user" as a response with a confidence of 0.29
INFO:chatterbot.chatterbot:NoKnowledgeAdapter selected "aaa" as a response with a confidence of 0
INFO:chatterbot.chatterbot:Adding "aaa" as a response to "Hello"
INFO:chatterbot.adapters:Using "aaa" as a close match to "heya"
INFO:chatterbot.adapters:Selecting response from 2 optimal responses.
INFO:chatterbot.response_selection:Selecting first response from list of 2 options.
INFO:chatterbot.adapters:Response selected. Using "hello user"
INFO:chatterbot.chatterbot:BestMatch selected "hello user" as a response with a confidence of 0.29
INFO:chatterbot.chatterbot:NoKnowledgeAdapter selected "aaa" as a response with a confidence of 0
INFO:chatterbot.chatterbot:Adding "aaa" as a response to "Hello"
INFO:chatterbot.adapters:Using "aaa" as a close match to "heya"
INFO:chatterbot.adapters:Selecting response from 2 optimal responses.
INFO:chatterbot.response_selection:Selecting first response from list of 2 options.
INFO:chatterbot.adapters:Response selected. Using "hello user"
INFO:chatterbot.chatterbot:BestMatch selected "hello user" as a response with a confidence of 0.29
INFO:chatterbot.chatterbot:NoKnowledgeAdapter selected "aaa" as a response with a confidence of 0
INFO:chatterbot.chatterbot:Adding "aaa" as a response to "Hello"
INFO:chatterbot.adapters:Using "aaa" as a close match to "heya"
INFO:chatterbot.adapters:Selecting response from 2 optimal responses.
INFO:chatterbot.response_selection:Selecting first response from list of 2 options.
INFO:chatterbot.adapters:Response selected. Using "hello user"
INFO:chatterbot.chatterbot:BestMatch selected "hello user" as a response with a confidence of 0.29
INFO:chatterbot.chatterbot:NoKnowledgeAdapter selected "aaa" as a response with a confidence of 0
INFO:chatterbot.chatterbot:Adding "aaa" as a response to "Hello"
INFO:chatterbot.adapters:Using "aaa" as a close match to "heya"
INFO:chatterbot.adapters:Selecting response from 2 optimal responses.
INFO:chatterbot.response_selection:Selecting first response from list of 2 options.
INFO:chatterbot.adapters:Response selected. Using "hello user"
INFO:chatterbot.chatterbot:BestMatch selected "hello user" as a response with a confidence of 0.29
INFO:chatterbot.chatterbot:NoKnowledgeAdapter selected "aaa" as a response with a confidence of 0
INFO:chatterbot.chatterbot:Adding "aaa" as a response to "Hello"
INFO:chatterbot.adapters:Using "aaa" as a close match to "heya"
INFO:chatterbot.adapters:Selecting response from 2 optimal responses.
INFO:chatterbot.response_selection:Selecting first response from list of 2 options.
INFO:chatterbot.adapters:Response selected. Using "hello user"
INFO:chatterbot.chatterbot:BestMatch selected "hello user" as a response with a confidence of 0.29
INFO:chatterbot.chatterbot:NoKnowledgeAdapter selected "aaa" as a response with a confidence of 0
INFO:chatterbot.chatterbot:Adding "aaa" as a response to "Hello"
INFO:chatterbot.adapters:Using "aaa" as a close match to "heya"
INFO:chatterbot.adapters:Selecting response from 2 optimal responses.
INFO:chatterbot.response_selection:Selecting first response from list of 2 options.
INFO:chatterbot.adapters:Response selected. Using "hello user"
INFO:chatterbot.chatterbot:BestMatch selected "hello user" as a response with a confidence of 0.29
INFO:chatterbot.chatterbot:NoKnowledgeAdapter selected "aaa" as a response with a confidence of 0
INFO:chatterbot.chatterbot:Adding "aaa" as a response to "Hello"
INFO:chatterbot.adapters:Using "aaa" as a close match to "heya"
INFO:chatterbot.adapters:Selecting response from 2 optimal responses.
INFO:chatterbot.response_selection:Selecting first response from list of 2 options.
INFO:chatterbot.adapters:Response selected. Using "hello user"
INFO:chatterbot.chatterbot:BestMatch selected "hello user" as a response with a confidence of 0.29
INFO:chatterbot.chatterbot:NoKnowledgeAdapter selected "aaa" as a response with a confidence of 0
INFO:chatterbot.chatterbot:Adding "aaa" as a response to "Hello"
INFO:chatterbot.adapters:Using "aaa" as a close match to "heya"
INFO:chatterbot.adapters:Selecting response from 2 optimal responses.
INFO:chatterbot.response_selection:Selecting first response from list of 2 options.
INFO:chatterbot.adapters:Response selected. Using "hello user"
INFO:chatterbot.chatterbot:BestMatch selected "hello user" as a response with a confidence of 0.29
INFO:chatterbot.chatterbot:NoKnowledgeAdapter selected "aaa" as a response with a confidence of 0
INFO:chatterbot.chatterbot:Adding "aaa" as a response to "Hello"
INFO:chatterbot.adapters:Using "Hi" as a close match to "hi"
INFO:chatterbot.adapters:Selecting response from 2 optimal responses.
INFO:chatterbot.response_selection:Selecting first response from list of 2 options.
INFO:chatterbot.adapters:Response selected. Using "hello"
INFO:chatterbot.chatterbot:BestMatch selected "hello" as a response with a confidence of 1.0
INFO:chatterbot.chatterbot:NoKnowledgeAdapter selected "Hi" as a response with a confidence of 0
INFO:chatterbot.chatterbot:Adding "Hi" as a response to "Hello"
INFO:chatterbot.adapters:Using "aaa" as a close match to "heya"
INFO:chatterbot.adapters:Selecting response from 2 optimal responses.
INFO:chatterbot.response_selection:Selecting first response from list of 2 options.
INFO:chatterbot.adapters:Response selected. Using "hello user"
INFO:chatterbot.chatterbot:BestMatch selected "hello user" as a response with a confidence of 0.29
INFO:chatterbot.chatterbot:NoKnowledgeAdapter selected "aaa" as a response with a confidence of 0
INFO:chatterbot.chatterbot:Adding "aaa" as a response to "Hello"
INFO:chatterbot.adapters:Using "dd" as a close match to "I'm good! Thank you!"
INFO:chatterbot.adapters:Selecting response from 2 optimal responses.
INFO:chatterbot.response_selection:Selecting first response from list of 2 options.
INFO:chatterbot.adapters:Response selected. Using "I'm good! How abt you?"
INFO:chatterbot.chatterbot:BestMatch selected "I'm good! How abt you?" as a response with a confidence of 0.09
INFO:chatterbot.chatterbot:NoKnowledgeAdapter selected "dd" as a response with a confidence of 0
INFO:chatterbot.chatterbot:Adding "dd" as a response to "Hello"
INFO:chatterbot.adapters:Using "fr" as a close match to "how are you"
INFO:chatterbot.adapters:Selecting response from 2 optimal responses.
INFO:chatterbot.response_selection:Selecting first response from list of 2 options.
INFO:chatterbot.adapters:Response selected. Using "I'm good! Thank you!"
INFO:chatterbot.chatterbot:BestMatch selected "I'm good! Thank you!" as a response with a confidence of 0.15
INFO:chatterbot.chatterbot:NoKnowledgeAdapter selected "fr" as a response with a confidence of 0
INFO:chatterbot.chatterbot:Adding "fr" as a response to "Hello"
INFO:chatterbot.adapters:Using "aaa" as a close match to "heya"
INFO:chatterbot.adapters:Selecting response from 2 optimal responses.
INFO:chatterbot.response_selection:Selecting first response from list of 2 options.
INFO:chatterbot.adapters:Response selected. Using "hello user"
INFO:chatterbot.chatterbot:BestMatch selected "hello user" as a response with a confidence of 0.29
INFO:chatterbot.chatterbot:NoKnowledgeAdapter selected "aaa" as a response with a confidence of 0
INFO:chatterbot.chatterbot:Adding "aaa" as a response to "Hello"
INFO:chatterbot.adapters:Using "How are you?" as a close match to "how are you"
INFO:chatterbot.adapters:Selecting response from 2 optimal responses.
INFO:chatterbot.response_selection:Selecting first response from list of 2 options.
INFO:chatterbot.adapters:Response selected. Using "I'm good! Thank you!"
INFO:chatterbot.chatterbot:BestMatch selected "I'm good! Thank you!" as a response with a confidence of 0.96
INFO:chatterbot.chatterbot:NoKnowledgeAdapter selected "How are you?" as a response with a confidence of 0
INFO:chatterbot.chatterbot:Adding "How are you?" as a response to "Hello"
INFO:chatterbot.adapters:Using "I am fine" as a close match to "What are the programs offered?"
INFO:chatterbot.adapters:Selecting response from 2 optimal responses.
INFO:chatterbot.response_selection:Selecting first response from list of 2 options.
INFO:chatterbot.adapters:Response selected. Using "Institute offers MS,M.Tech and Imtech programs."
INFO:chatterbot.chatterbot:BestMatch selected "Institute offers MS,M.Tech and Imtech programs." as a response with a confidence of 0.31
INFO:chatterbot.chatterbot:NoKnowledgeAdapter selected "I am fine" as a response with a confidence of 0
INFO:chatterbot.chatterbot:Adding "I am fine" as a response to "Hello"
INFO:chatterbot.adapters:Using "dd" as a close match to "I'm good! Thank you!"
INFO:chatterbot.adapters:Selecting response from 2 optimal responses.
INFO:chatterbot.response_selection:Selecting first response from list of 2 options.
INFO:chatterbot.adapters:Response selected. Using "I'm good! How abt you?"
INFO:chatterbot.chatterbot:BestMatch selected "I'm good! How abt you?" as a response with a confidence of 0.09
INFO:chatterbot.chatterbot:NoKnowledgeAdapter selected "dd" as a response with a confidence of 0
INFO:chatterbot.chatterbot:Adding "dd" as a response to "Hello"
INFO:chatterbot.adapters:Using "I am fine" as a close match to "What are the programs offered?"
INFO:chatterbot.adapters:Selecting response from 2 optimal responses.
INFO:chatterbot.response_selection:Selecting first response from list of 2 options.
INFO:chatterbot.adapters:Response selected. Using "Institute offers MS,M.Tech and Imtech programs."
INFO:chatterbot.chatterbot:BestMatch selected "Institute offers MS,M.Tech and Imtech programs." as a response with a confidence of 0.31
INFO:chatterbot.chatterbot:NoKnowledgeAdapter selected "I am fine" as a response with a confidence of 0
INFO:chatterbot.chatterbot:Adding "I am fine" as a response to "Hello"
INFO:chatterbot.adapters:Using "fr" as a close match to "how are you"
INFO:chatterbot.adapters:Selecting response from 2 optimal responses.
INFO:chatterbot.response_selection:Selecting first response from list of 2 options.
INFO:chatterbot.adapters:Response selected. Using "I'm good! Thank you!"
INFO:chatterbot.chatterbot:BestMatch selected "I'm good! Thank you!" as a response with a confidence of 0.15
INFO:chatterbot.chatterbot:NoKnowledgeAdapter selected "fr" as a response with a confidence of 0
INFO:chatterbot.chatterbot:Adding "fr" as a response to "Hello"
INFO:chatterbot.adapters:Using "I am fine" as a close match to "What are the programs offered?"
INFO:chatterbot.adapters:Selecting response from 2 optimal responses.
INFO:chatterbot.response_selection:Selecting first response from list of 2 options.
INFO:chatterbot.adapters:Response selected. Using "Institute offers MS,M.Tech and Imtech programs."
INFO:chatterbot.chatterbot:BestMatch selected "Institute offers MS,M.Tech and Imtech programs." as a response with a confidence of 0.31
INFO:chatterbot.chatterbot:NoKnowledgeAdapter selected "I am fine" as a response with a confidence of 0
INFO:chatterbot.chatterbot:Adding "I am fine" as a response to "Hello"
INFO:chatterbot.adapters:Using "kk" as a close match to "I'm good! Thank you!"
INFO:chatterbot.adapters:Selecting response from 2 optimal responses.
INFO:chatterbot.response_selection:Selecting first response from list of 2 options.
INFO:chatterbot.adapters:Response selected. Using "I'm good! How abt you?"
INFO:chatterbot.chatterbot:BestMatch selected "I'm good! How abt you?" as a response with a confidence of 0.09
INFO:chatterbot.chatterbot:NoKnowledgeAdapter selected "kk" as a response with a confidence of 0
INFO:chatterbot.chatterbot:Adding "kk" as a response to "Hello"
INFO:chatterbot.adapters:Using "This is good" as a close match to "I'm good! Thank you!"
INFO:chatterbot.adapters:Selecting response from 2 optimal responses.
INFO:chatterbot.response_selection:Selecting first response from list of 2 options.
INFO:chatterbot.adapters:Response selected. Using "I'm good! How abt you?"
INFO:chatterbot.chatterbot:BestMatch selected "I'm good! How abt you?" as a response with a confidence of 0.38
INFO:chatterbot.chatterbot:NoKnowledgeAdapter selected "This is good" as a response with a confidence of 0
INFO:chatterbot.chatterbot:Adding "This is good" as a response to "Hello"
